<?xml version="1.0" encoding="UTF-8"?>
<!-- Generated by org.testng.reporters.JUnitReportReporter -->
<testsuite hostname="gnikolic" failures="0" tests="2" name="testCases.TC002_LoginTest" time="2.748" errors="0" timestamp="2024-11-06T16:22:09 CET" skipped="0">
  <testcase classname="testCases.TC002_LoginTest" name="verify_login" time="1.327"/>
  <testcase classname="testCases.TC002_LoginTest" name="verify_login" time="1.421"/>
</testsuite> <!-- testCases.TC002_LoginTest -->
