<?xml version="1.0" encoding="UTF-8"?>
<!-- Generated by org.testng.reporters.JUnitReportReporter -->
<testsuite hostname="gnikolic" failures="0" tests="2" name="testCases.TC001_AccountRegistrationTest" time="4.013" errors="0" timestamp="2024-11-06T16:22:09 CET" skipped="0">
  <testcase classname="testCases.TC001_AccountRegistrationTest" name="verify_account_registration" time="2.199"/>
  <testcase classname="testCases.TC001_AccountRegistrationTest" name="verify_account_registration" time="1.814"/>
</testsuite> <!-- testCases.TC001_AccountRegistrationTest -->
